<?xml version="1.0" encoding="UTF-8"?>
<!-- Generated by org.testng.reporters.JUnitXMLReporter -->
<testsuite hostname="MSI" ignored="6" name="Default test" tests="1" failures="0" timestamp="13 Nov 2021 09:23:29 GMT" time="3.601" errors="0">
  <testcase name="verifySubCourses" time="0.135" classname="com.jbk.test.DashboardTest"/>
  <testcase name="verifyUsersLink" time="0.0" classname="com.jbk.test.DashboardTest">
    <ignored/>
  </testcase> <!-- verifyUsersLink -->
  <testcase name="verifyCourses" time="0.0" classname="com.jbk.test.DashboardTest">
    <ignored/>
  </testcase> <!-- verifyCourses -->
  <testcase name="verifyFooter" time="0.0" classname="com.jbk.test.DashboardTest">
    <ignored/>
  </testcase> <!-- verifyFooter -->
  <testcase name="verifyOperatorsLink" time="0.0" classname="com.jbk.test.DashboardTest">
    <ignored/>
  </testcase> <!-- verifyOperatorsLink -->
  <testcase name="verifyDownloadsLink" time="0.0" classname="com.jbk.test.DashboardTest">
    <ignored/>
  </testcase> <!-- verifyDownloadsLink -->
  <testcase name="verifyUsefulLink" time="0.0" classname="com.jbk.test.DashboardTest">
    <ignored/>
  </testcase> <!-- verifyUsefulLink -->
</testsuite> <!-- Default test -->
